Using pre-set license
Built from '2020.2/china_unity/release' branch; Version is '2020.2.2f1c1 (e7e650540bb3) revision 15197776'; Using compiler version '192528614'; Build Type 'Release'
OS: 'Windows 10 Pro; OS build 19042.804; Version 2009; 64bit' Language: 'zh' Physical Memory: 16320 MB
BatchMode: 1, IsHumanControllingUs: 0, StartBugReporterOnCrash: 0, Is64bit: 1, IsPro: 0

 COMMAND LINE ARGUMENTS:
F:\Unity\Unity Engine\2020.2.2f1c1\Editor\Unity.exe
-adb2
-batchMode
-noUpm
-name
AssetImportWorker0
-projectPath
E:/A-Unity_Project/Asset Budle Browser
-logFile
Logs/AssetImportWorker0.log
-srvPort
58154
Successfully changed project path to: E:/A-Unity_Project/Asset Budle Browser
E:/A-Unity_Project/Asset Budle Browser
Using Asset Import Pipeline V2.
Refreshing native plugins compatible for Editor in 23.14 ms, found 0 plugins.
Preloading 0 native plugins for Editor in 0.00 ms.
Initialize engine version: 2020.2.2f1c1 (e7e650540bb3)
[Subsystems] Discovering subsystems at path F:/Unity/Unity Engine/2020.2.2f1c1/Editor/Data/Resources/UnitySubsystems
[Subsystems] Discovering subsystems at path E:/A-Unity_Project/Asset Budle Browser/Assets
GfxDevice: creating device client; threaded=0
Direct3D:
    Version:  Direct3D 11.0 [level 11.1]
    Renderer: AMD Radeon RX 5700 (ID=0x731f)
    Vendor:   
    VRAM:     8152 MB
    Driver:   27.20.14535.3005
Initialize mono
Mono path[0] = 'F:/Unity/Unity Engine/2020.2.2f1c1/Editor/Data/Managed'
Mono path[1] = 'F:/Unity/Unity Engine/2020.2.2f1c1/Editor/Data/MonoBleedingEdge/lib/mono/unityjit'
Mono config path = 'F:/Unity/Unity Engine/2020.2.2f1c1/Editor/Data/MonoBleedingEdge/etc'
Using monoOptions --debugger-agent=transport=dt_socket,embedding=1,server=y,suspend=n,address=127.0.0.1:56284
Begin MonoManager ReloadAssembly
Registering precompiled unity dll's ...
Register platform support module: F:/Unity/Unity Engine/2020.2.2f1c1/Editor/Data/PlaybackEngines/WindowsStandaloneSupport/UnityEditor.WindowsStandalone.Extensions.dll
Registered in 0.000866 seconds.
Native extension for WindowsStandalone target not found
Refreshing native plugins compatible for Editor in 24.36 ms, found 0 plugins.
Preloading 0 native plugins for Editor in 0.00 ms.
Invoked RoslynAnalysisRunner static constructor.
RoslynAnalysisRunner will not be running.
RoslynAnalysisRunner has terminated.
Mono: successfully reloaded assembly
- Completed reload, in  0.823 seconds
Platform modules already initialized, skipping
Registering precompiled user dll's ...
Registered in 0.000397 seconds.
Begin MonoManager ReloadAssembly
Native extension for WindowsStandalone target not found
Refreshing native plugins compatible for Editor in 0.30 ms, found 0 plugins.
Preloading 0 native plugins for Editor in 0.00 ms.
Invoked RoslynAnalysisRunner static constructor.
RoslynAnalysisRunner will not be running.
RoslynAnalysisRunner has terminated.
Mono: successfully reloaded assembly
- Completed reload, in  0.731 seconds
Platform modules already initialized, skipping
========================================================================
Worker process is ready to serve import requests
Launched and connected shader compiler UnityShaderCompiler.exe after 0.06 seconds
Refreshing native plugins compatible for Editor in 0.30 ms, found 0 plugins.
Preloading 0 native plugins for Editor in 0.00 ms.
Unloading 1499 Unused Serialized files (Serialized files now loaded: 0)
System memory in use before: 70.6 MB.
System memory in use after: 70.7 MB.

Unloading 9 unused Assets to reduce memory usage. Loaded Objects now: 1941.
Total: 1.694900 ms (FindLiveObjects: 0.205100 ms CreateObjectMapping: 0.043100 ms MarkObjects: 1.390900 ms  DeleteObjects: 0.054700 ms)

========================================================================
Received Import Request.
  path: Assets/Cube.prefab
  artifactKey: Guid(b84e33489007b8b4988185ac2d915685) Importer(815301076,1909f56bfc062723c751e8b465ee728b)
Start importing Assets/Cube.prefab using Guid(b84e33489007b8b4988185ac2d915685) Importer(815301076,1909f56bfc062723c751e8b465ee728b)  -> (artifact id: '1098c1cb2f038bffb140937f8e1dd0aa') in 0.088984 seconds
  Import took 0.091405 seconds .

========================================================================
Received Import Request.
  Time since last request: 4.776941 seconds.
  path: Assets/AddressableAssetsData/AddressableAssetSettings.asset
  artifactKey: Guid(b0da128fcfbc9e344a7b0fce7e7058d3) Importer(815301076,1909f56bfc062723c751e8b465ee728b)
Start importing Assets/AddressableAssetsData/AddressableAssetSettings.asset using Guid(b0da128fcfbc9e344a7b0fce7e7058d3) Importer(815301076,1909f56bfc062723c751e8b465ee728b)  -> (artifact id: '24de5d545f707a0f099b5912600332e9') in 0.037598 seconds
  Import took 0.040145 seconds .

========================================================================
Received Import Request.
  Time since last request: 0.000160 seconds.
  path: Assets/AddressableAssetsData/DefaultObject.asset
  artifactKey: Guid(c29f81df93a988742a2bb1f286d81778) Importer(815301076,1909f56bfc062723c751e8b465ee728b)
Start importing Assets/AddressableAssetsData/DefaultObject.asset using Guid(c29f81df93a988742a2bb1f286d81778) Importer(815301076,1909f56bfc062723c751e8b465ee728b)  -> (artifact id: '5598e08ebc7aa1d92d54b62cbe7038c8') in 0.002506 seconds
  Import took 0.004298 seconds .

========================================================================
Received Import Request.
  Time since last request: 10.171063 seconds.
  path: Assets/AddressableAssetsData/AssetGroups/Built In Data.asset
  artifactKey: Guid(245b794045d504740a3641db343a5c41) Importer(815301076,1909f56bfc062723c751e8b465ee728b)
Start importing Assets/AddressableAssetsData/AssetGroups/Built In Data.asset using Guid(245b794045d504740a3641db343a5c41) Importer(815301076,1909f56bfc062723c751e8b465ee728b)  -> (artifact id: 'f20364ee35d4dc1fef6fc9464e340758') in 0.024595 seconds
  Import took 0.027091 seconds .

========================================================================
Received Import Request.
  Time since last request: 0.228316 seconds.
  path: Assets/AddressableAssetsData/AssetGroups/Built In Data.asset
  artifactKey: Guid(245b794045d504740a3641db343a5c41) Importer(815301076,1909f56bfc062723c751e8b465ee728b)
Start importing Assets/AddressableAssetsData/AssetGroups/Built In Data.asset using Guid(245b794045d504740a3641db343a5c41) Importer(815301076,1909f56bfc062723c751e8b465ee728b)  -> (artifact id: 'f20364ee35d4dc1fef6fc9464e340758') in 0.007214 seconds
  Import took 0.009694 seconds .

========================================================================
Received Import Request.
  Time since last request: 0.007729 seconds.
  path: Assets/AddressableAssetsData/AssetGroups/Default Local Group.asset
  artifactKey: Guid(c76ccc3c7a3103145af1df2b5f500e90) Importer(815301076,1909f56bfc062723c751e8b465ee728b)
Start importing Assets/AddressableAssetsData/AssetGroups/Default Local Group.asset using Guid(c76ccc3c7a3103145af1df2b5f500e90) Importer(815301076,1909f56bfc062723c751e8b465ee728b)  -> (artifact id: '017cd407d5f8bf60975fe6d396facada') in 0.007345 seconds
  Import took 0.009868 seconds .

AssetImportWorkerClient::OnTransportError - code=2 error=End of file
