Using pre-set license
Built from '2020.2/china_unity/release' branch; Version is '2020.2.2f1c1 (e7e650540bb3) revision 15197776'; Using compiler version '192528614'; Build Type 'Release'
OS: 'Windows 10 Pro; OS build 19042.804; Version 2009; 64bit' Language: 'zh' Physical Memory: 16320 MB
BatchMode: 1, IsHumanControllingUs: 0, StartBugReporterOnCrash: 0, Is64bit: 1, IsPro: 0

 COMMAND LINE ARGUMENTS:
F:\Unity\Unity Engine\2020.2.2f1c1\Editor\Unity.exe
-adb2
-batchMode
-noUpm
-name
AssetImportWorker0
-projectPath
E:/A-Unity_Project/Asset Budle Browser
-logFile
Logs/AssetImportWorker0.log
-srvPort
62749
Successfully changed project path to: E:/A-Unity_Project/Asset Budle Browser
E:/A-Unity_Project/Asset Budle Browser
Using Asset Import Pipeline V2.
Refreshing native plugins compatible for Editor in 23.11 ms, found 0 plugins.
Preloading 0 native plugins for Editor in 0.00 ms.
Initialize engine version: 2020.2.2f1c1 (e7e650540bb3)
[Subsystems] Discovering subsystems at path F:/Unity/Unity Engine/2020.2.2f1c1/Editor/Data/Resources/UnitySubsystems
[Subsystems] Discovering subsystems at path E:/A-Unity_Project/Asset Budle Browser/Assets
GfxDevice: creating device client; threaded=0
Direct3D:
    Version:  Direct3D 11.0 [level 11.1]
    Renderer: AMD Radeon RX 5700 (ID=0x731f)
    Vendor:   
    VRAM:     8152 MB
    Driver:   27.20.14535.3005
Initialize mono
Mono path[0] = 'F:/Unity/Unity Engine/2020.2.2f1c1/Editor/Data/Managed'
Mono path[1] = 'F:/Unity/Unity Engine/2020.2.2f1c1/Editor/Data/MonoBleedingEdge/lib/mono/unityjit'
Mono config path = 'F:/Unity/Unity Engine/2020.2.2f1c1/Editor/Data/MonoBleedingEdge/etc'
Using monoOptions --debugger-agent=transport=dt_socket,embedding=1,server=y,suspend=n,address=127.0.0.1:56312
Begin MonoManager ReloadAssembly
Registering precompiled unity dll's ...
Register platform support module: F:/Unity/Unity Engine/2020.2.2f1c1/Editor/Data/PlaybackEngines/WindowsStandaloneSupport/UnityEditor.WindowsStandalone.Extensions.dll
Registered in 0.000943 seconds.
Native extension for WindowsStandalone target not found
Refreshing native plugins compatible for Editor in 24.44 ms, found 0 plugins.
Preloading 0 native plugins for Editor in 0.00 ms.
Invoked RoslynAnalysisRunner static constructor.
RoslynAnalysisRunner will not be running.
RoslynAnalysisRunner has terminated.
Mono: successfully reloaded assembly
- Completed reload, in  0.832 seconds
Platform modules already initialized, skipping
Registering precompiled user dll's ...
Registered in 0.000416 seconds.
Begin MonoManager ReloadAssembly
Native extension for WindowsStandalone target not found
Refreshing native plugins compatible for Editor in 0.29 ms, found 0 plugins.
Preloading 0 native plugins for Editor in 0.00 ms.
Invoked RoslynAnalysisRunner static constructor.
RoslynAnalysisRunner will not be running.
RoslynAnalysisRunner has terminated.
Mono: successfully reloaded assembly
- Completed reload, in  0.709 seconds
Platform modules already initialized, skipping
========================================================================
Worker process is ready to serve import requests
Launched and connected shader compiler UnityShaderCompiler.exe after 0.05 seconds
Refreshing native plugins compatible for Editor in 0.28 ms, found 0 plugins.
Preloading 0 native plugins for Editor in 0.00 ms.
Unloading 1511 Unused Serialized files (Serialized files now loaded: 0)
System memory in use before: 71.3 MB.
System memory in use after: 71.4 MB.

Unloading 9 unused Assets to reduce memory usage. Loaded Objects now: 1955.
Total: 2.012700 ms (FindLiveObjects: 0.178600 ms CreateObjectMapping: 0.082200 ms MarkObjects: 1.691100 ms  DeleteObjects: 0.059700 ms)

========================================================================
Received Import Request.
  path: Assets/AddressableAssetsData/AddressableAssetSettings.asset
  artifactKey: Guid(b0da128fcfbc9e344a7b0fce7e7058d3) Importer(815301076,1909f56bfc062723c751e8b465ee728b)
Start importing Assets/AddressableAssetsData/AddressableAssetSettings.asset using Guid(b0da128fcfbc9e344a7b0fce7e7058d3) Importer(815301076,1909f56bfc062723c751e8b465ee728b)  -> (artifact id: 'd65b0d5310b72d98cd7fbd8afe3a01b8') in 0.032573 seconds
  Import took 0.034825 seconds .

========================================================================
Received Import Request.
  Time since last request: 20.735678 seconds.
  path: Assets/AddressableAssetsData/DataBuilders/BuildScriptFastMode.asset
  artifactKey: Guid(4d7bbea154489dc4da6d4e050ad92835) Importer(815301076,1909f56bfc062723c751e8b465ee728b)
Start importing Assets/AddressableAssetsData/DataBuilders/BuildScriptFastMode.asset using Guid(4d7bbea154489dc4da6d4e050ad92835) Importer(815301076,1909f56bfc062723c751e8b465ee728b)  -> (artifact id: 'fd67d4f685c0f4f89d4577a8eca5da5e') in 0.002667 seconds
  Import took 0.004950 seconds .

========================================================================
Received Import Request.
  Time since last request: 0.000166 seconds.
  path: Assets/AddressableAssetsData/DataBuilders/BuildScriptVirtualMode.asset
  artifactKey: Guid(3d34e5cebd97bd043b8a6bd1078979ba) Importer(815301076,1909f56bfc062723c751e8b465ee728b)
Start importing Assets/AddressableAssetsData/DataBuilders/BuildScriptVirtualMode.asset using Guid(3d34e5cebd97bd043b8a6bd1078979ba) Importer(815301076,1909f56bfc062723c751e8b465ee728b)  -> (artifact id: '0660afd4ca793375939328012215d54b') in 0.001862 seconds
  Import took 0.003407 seconds .

========================================================================
Received Import Request.
  Time since last request: 0.000092 seconds.
  path: Assets/AddressableAssetsData/DataBuilders/BuildScriptPackedPlayMode.asset
  artifactKey: Guid(7a668bcec6a17f8499b742f9a4315127) Importer(815301076,1909f56bfc062723c751e8b465ee728b)
Start importing Assets/AddressableAssetsData/DataBuilders/BuildScriptPackedPlayMode.asset using Guid(7a668bcec6a17f8499b742f9a4315127) Importer(815301076,1909f56bfc062723c751e8b465ee728b)  -> (artifact id: 'a27d1d1a934ce7d722dbfe8d786d2a1c') in 0.001815 seconds
  Import took 0.003328 seconds .

========================================================================
Received Import Request.
  Time since last request: 0.000215 seconds.
  path: Assets/AddressableAssetsData/DataBuilders/BuildScriptPackedMode.asset
  artifactKey: Guid(cf347587aba3dc94e92e7173e969d806) Importer(815301076,1909f56bfc062723c751e8b465ee728b)
Start importing Assets/AddressableAssetsData/DataBuilders/BuildScriptPackedMode.asset using Guid(cf347587aba3dc94e92e7173e969d806) Importer(815301076,1909f56bfc062723c751e8b465ee728b)  -> (artifact id: 'dd1014bd03ffb3a3df1c7c1f0eb438ab') in 0.002432 seconds
  Import took 0.004666 seconds .

========================================================================
Received Import Request.
  Time since last request: 0.767747 seconds.
  path: Assets/AddressableAssetsData/AssetGroupTemplates/Packed Assets.asset
  artifactKey: Guid(3401fed1812db294b90bfcaf32fe37e1) Importer(815301076,1909f56bfc062723c751e8b465ee728b)
Start importing Assets/AddressableAssetsData/AssetGroupTemplates/Packed Assets.asset using Guid(3401fed1812db294b90bfcaf32fe37e1) Importer(815301076,1909f56bfc062723c751e8b465ee728b)  -> (artifact id: '5cd52bb8e2dcf9ac0d8f2e93f2f1660d') in 0.002818 seconds
  Import took 0.005162 seconds .

AssetImportWorkerClient::OnTransportError - code=2 error=End of file
